

times in msec
 clock   self+sourced   self:  sourced script
 clock   elapsed:              other lines

000.049  000.049: --- NVIM STARTING ---
000.700  000.651: event init
001.283  000.583: early init
001.976  000.693: locale set
002.400  000.424: init first window
004.637  002.237: inits 1
004.704  000.067: window checked
004.721  000.017: parsing arguments
007.097  000.367  000.367: require('vim.shared')
007.660  000.217  000.217: require('vim._meta')
007.668  000.554  000.337: require('vim._editor')
007.674  001.065  000.144: require('vim._init_packages')
007.680  001.894: init lua interpreter
007.888  000.208: expanding arguments
008.163  000.275: inits 2
009.262  001.099: init highlight
009.268  000.006: waiting for UI
016.397  007.129: done waiting for UI
016.429  000.032: init screen for UI
016.554  000.125: init default mappings
016.566  000.012: init default autocommands
017.733  000.061  000.061: sourcing /usr/share/nvim/runtime/ftplugin.vim
017.934  000.031  000.031: sourcing /usr/share/nvim/runtime/indent.vim
018.208  000.007  000.007: require('vim.keymap')
018.362  000.327  000.320: require('core.keymaps')
019.642  000.246  000.246: require('packer.util')
019.698  001.241  000.995: require('packer')
020.054  000.353  000.353: require('packer.log')
020.611  000.198  000.198: require('packer.async')
021.006  000.147  000.147: require('packer.result')
021.010  000.396  000.249: require('packer.jobs')
021.017  000.944  000.350: require('packer.plugin_utils')
021.282  000.255  000.255: require('packer.snapshot')
021.539  003.174  000.381: require('core.plugins')
023.283  001.184  001.184: require('gruvbox')
024.725  002.643  001.459: sourcing /home/nightwng120/.local/share/nvim/site/pack/packer/start/gruvbox.nvim/colors/gruvbox.lua
024.743  003.161  000.518: require('core.plugin_config.gruvbox')
025.725  000.212  000.212: require('lualine_require')
026.401  001.580  001.368: require('lualine')
027.675  000.122  000.122: require('lualine.themes.gruvbox_dark')
033.960  009.213  007.511: require('core.plugin_config.lualine')
035.695  000.148  000.148: require('nvim-tree.notify')
035.702  000.299  000.151: require('nvim-tree.events')
036.288  000.166  000.166: require('nvim-tree.log')
036.885  000.143  000.143: require('nvim-tree.iterators.node-iterator')
036.942  000.651  000.508: require('nvim-tree.utils')
037.182  000.237  000.237: require('nvim-tree.git.utils')
037.498  000.314  000.314: require('nvim-tree.git.runner')
037.963  000.462  000.462: require('nvim-tree.watcher')
038.199  000.233  000.233: require('nvim-tree.explorer.node')
038.204  002.360  000.298: require('nvim-tree.git')
038.373  000.167  000.167: require('nvim-tree.explorer.watch')
038.660  000.134  000.134: require('nvim-tree.explorer.node-builders')
038.901  000.238  000.238: require('nvim-tree.explorer.sorters')
039.221  000.122  000.122: require('nvim-tree.marks')
039.225  000.322  000.200: require('nvim-tree.explorer.filters')
039.868  000.433  000.433: require('nvim-tree.view')
039.874  000.647  000.214: require('nvim-tree.live-filter')
039.877  001.501  000.160: require('nvim-tree.explorer.explore')
040.102  000.224  000.224: require('nvim-tree.explorer.reload')
040.108  004.405  000.152: require('nvim-tree.explorer')
040.111  004.822  000.119: require('nvim-tree.core')
040.286  000.174  000.174: require('nvim-tree.renderer.components.padding')
040.446  000.157  000.157: require('nvim-tree.renderer.components.icons')
040.612  000.164  000.164: require('nvim-tree.renderer.components.full-name')
041.157  000.093  000.093: require('nvim-tree.enum')
041.304  000.144  000.144: require('nvim-tree.renderer.decorator')
041.308  000.365  000.127: require('nvim-tree.renderer.decorator.bookmarks')
041.417  000.108  000.108: require('nvim-tree.renderer.decorator.copied')
041.523  000.104  000.104: require('nvim-tree.renderer.decorator.cut')
041.885  000.205  000.205: require('nvim-tree.diagnostics')
042.924  000.007  000.007: require('vim.F')
042.976  001.087  001.081: require('vim.diagnostic')
042.981  001.456  000.163: require('nvim-tree.renderer.decorator.diagnostics')
043.228  000.220  000.220: require('nvim-tree.renderer.decorator.git')
043.468  000.115  000.115: require('nvim-tree.buffers')
043.472  000.241  000.126: require('nvim-tree.renderer.decorator.modified')
043.580  000.106  000.106: require('nvim-tree.renderer.decorator.opened')
043.586  002.972  000.373: require('nvim-tree.renderer.builder')
043.591  008.458  000.169: require('nvim-tree.renderer')
043.597  008.890  000.432: require('nvim-tree.lib')
043.804  000.206  000.206: require('nvim-tree.appearance')
044.573  000.141  000.141: require('nvim-tree.actions.finders.find-file')
044.714  000.138  000.138: require('nvim-tree.actions.finders.search-node')
044.717  000.375  000.095: require('nvim-tree.actions.finders')
045.261  000.143  000.143: require('nvim-tree.actions.reloaders')
045.269  000.451  000.308: require('nvim-tree.actions.fs.copy-paste')
045.443  000.171  000.171: require('nvim-tree.actions.fs.create-file')
045.661  000.217  000.217: require('nvim-tree.actions.fs.remove-file')
045.858  000.194  000.194: require('nvim-tree.actions.fs.rename-file')
046.041  000.181  000.181: require('nvim-tree.actions.fs.trash')
046.044  001.325  000.112: require('nvim-tree.actions.fs')
046.336  000.192  000.192: require('nvim-tree.actions.moves.item')
046.455  000.117  000.117: require('nvim-tree.actions.moves.parent')
046.579  000.121  000.121: require('nvim-tree.actions.moves.sibling')
046.581  000.535  000.106: require('nvim-tree.actions.moves')
046.828  000.144  000.144: require('nvim-tree.actions.node.file-popup')
047.156  000.325  000.325: require('nvim-tree.actions.node.open-file')
047.266  000.107  000.107: require('nvim-tree.actions.node.run-command')
047.407  000.138  000.138: require('nvim-tree.actions.node.system-open')
047.409  000.827  000.112: require('nvim-tree.actions.node')
047.668  000.160  000.160: require('nvim-tree.actions.root.change-dir')
047.774  000.104  000.104: require('nvim-tree.actions.root.dir-up')
047.777  000.365  000.101: require('nvim-tree.actions.root')
048.004  000.125  000.125: require('nvim-tree.actions.tree.find-file')
048.234  000.122  000.122: require('nvim-tree.actions.tree.modifiers.collapse-all')
048.384  000.147  000.147: require('nvim-tree.actions.tree.modifiers.expand-all')
048.500  000.114  000.114: require('nvim-tree.actions.tree.modifiers.toggles')
048.502  000.496  000.113: require('nvim-tree.actions.tree.modifiers')
048.624  000.120  000.120: require('nvim-tree.actions.tree.open')
048.755  000.129  000.129: require('nvim-tree.actions.tree.toggle')
048.757  000.979  000.109: require('nvim-tree.actions.tree')
048.758  004.518  000.111: require('nvim-tree.actions')
048.902  000.142  000.142: require('nvim-tree.appearance.diagnostics')
049.393  000.251  000.251: require('nvim-tree.keymap')
049.398  000.493  000.242: require('nvim-tree.help')
049.567  000.167  000.167: require('nvim-tree.marks.navigation')
049.723  000.153  000.153: require('nvim-tree.marks.bulk-delete')
049.857  000.132  000.132: require('nvim-tree.marks.bulk-trash')
050.006  000.147  000.147: require('nvim-tree.marks.bulk-move')
050.065  006.077  000.325: require('nvim-tree.api')
050.078  006.240  000.163: require('nvim-tree.commands')
050.236  000.156  000.156: require('nvim-tree.legacy')
050.292  016.278  000.785: require('nvim-tree')
076.288  000.932  000.932: require('nvim-web-devicons.icons-default')
076.385  001.507  000.575: require('nvim-web-devicons')
079.860  045.894  028.109: require('core.plugin_config.nvim-tree')
081.756  000.234  000.234: require('vim.treesitter.language')
081.769  000.718  000.483: require('vim.treesitter.query')
082.364  000.592  000.592: require('vim.treesitter.languagetree')
082.411  001.642  000.332: require('vim.treesitter')
082.417  001.763  000.121: require('nvim-treesitter.compat')
085.239  001.779  001.779: require('nvim-treesitter.parsers')
085.528  000.280  000.280: require('nvim-treesitter.utils')
085.538  002.820  000.761: require('nvim-treesitter.ts_utils')
085.545  003.125  000.305: require('nvim-treesitter.tsrange')
085.698  000.150  000.150: require('nvim-treesitter.caching')
085.736  005.399  000.361: require('nvim-treesitter.query')
085.754  005.825  000.426: require('nvim-treesitter.configs')
086.697  000.215  000.215: require('nvim-treesitter.info')
086.998  000.297  000.297: require('nvim-treesitter.shell_command_selectors')
087.030  001.164  000.652: require('nvim-treesitter.install')
089.889  010.022  003.033: require('core.plugin_config.treesitter')
092.168  000.175  000.175: require('plenary.tbl')
092.181  000.388  000.213: require('plenary.vararg.rotate')
092.183  000.549  000.162: require('plenary.vararg')
092.359  000.172  000.172: require('plenary.errors')
092.573  000.211  000.211: require('plenary.functional')
092.579  001.217  000.285: require('plenary.async.async')
092.738  000.158  000.158: require('plenary.async.structs')
092.746  001.736  000.362: require('plenary.async.control')
095.067  000.283  000.283: require('plenary.bit')
095.093  000.015  000.015: require('ffi')
095.119  000.946  000.649: require('plenary.path')
095.136  001.193  000.247: require('plenary.strings')
095.289  000.150  000.150: require('telescope.deprecated')
096.667  000.576  000.576: require('plenary.log')
096.733  000.847  000.271: require('telescope.log')
098.205  000.786  000.786: require('plenary.job')
098.391  000.178  000.178: require('telescope.state')
098.405  001.669  000.706: require('telescope.utils')
098.415  003.121  000.606: require('telescope.sorters')
098.555  000.123  000.123: require('vim.inspect')
100.225  006.630  002.042: require('telescope.config')
100.950  000.307  000.307: require('plenary.window.border')
101.076  000.123  000.123: require('plenary.window')
101.200  000.122  000.122: require('plenary.popup.utils')
101.205  000.975  000.424: require('plenary.popup')
101.399  000.192  000.192: require('telescope.pickers.scroller')
101.550  000.149  000.149: require('telescope.actions.state')
101.769  000.216  000.216: require('telescope.actions.utils')
102.277  000.253  000.253: require('telescope.actions.mt')
102.313  000.542  000.289: require('telescope.actions.set')
102.745  000.226  000.226: require('telescope.config.resolve')
102.748  000.433  000.208: require('telescope.pickers.entry_display')
102.881  000.131  000.131: require('telescope.from_entry')
103.106  010.358  001.091: require('telescope.actions')
104.472  001.128  001.128: require('telescope.make_entry')
105.210  000.240  000.240: require('plenary.async.util')
105.214  000.408  000.168: require('plenary.async.tests')
105.217  000.583  000.175: require('plenary.async')
105.219  000.744  000.161: require('telescope.finders.async_static_finder')
105.973  000.213  000.213: require('plenary.class')
106.007  000.595  000.383: require('telescope._')
106.010  000.789  000.194: require('telescope.finders.async_oneshot_finder')
106.293  000.282  000.282: require('telescope.finders.async_job_finder')
106.330  003.221  000.278: require('telescope.finders')
110.561  000.185  000.185: require('telescope._extensions')
110.569  000.412  000.228: require('telescope')
110.954  000.381  000.381: require('telescope.debounce')
111.290  000.333  000.333: require('telescope.mappings')
111.497  000.203  000.203: require('telescope.pickers.highlights')
111.641  000.141  000.141: require('telescope.pickers.window')
112.059  000.207  000.207: require('telescope.algos.linked_list')
112.063  000.420  000.213: require('telescope.entry_manager')
112.208  000.143  000.143: require('telescope.pickers.multi')
112.224  005.891  003.858: require('telescope.pickers')
112.233  021.820  000.614: require('telescope.builtin.__lsp')
112.268  022.275  000.455: require('telescope.builtin')
112.509  022.608  000.333: require('core.plugin_config.telescope')
112.548  000.036  000.036: require('core.plugin_config.emmet')
112.825  000.112  000.112: require('mason-core.path')
113.241  000.195  000.195: require('mason-core.functional')
113.476  000.079  000.079: require('mason-core.functional.data')
113.483  000.229  000.150: require('mason-core.functional.function')
113.587  000.088  000.088: require('mason-core.functional.relation')
113.947  000.138  000.138: require('mason-core.functional.logic')
113.965  001.138  000.488: require('mason-core.platform')
114.093  000.126  000.126: require('mason.settings')
114.096  001.479  000.104: require('mason')
114.585  000.214  000.214: require('mason-core.functional.list')
114.729  000.139  000.139: require('mason-core.functional.string')
114.755  000.646  000.292: require('mason.api.command')
114.921  000.154  000.154: require('mason-registry.sources')
115.384  000.224  000.224: require('mason-core.log')
115.462  000.075  000.075: require('mason-lspconfig.settings')
115.467  000.489  000.190: require('mason-lspconfig')
115.678  000.070  000.070: require('mason-lspconfig.notify')
115.683  000.206  000.137: require('mason-lspconfig.lspconfig_hook')
118.029  000.291  000.291: require('vim.lsp.log')
118.873  000.840  000.840: require('vim.lsp.protocol')
120.516  000.410  000.410: require('vim.lsp._snippet')
120.736  000.216  000.216: require('vim.highlight')
120.753  001.876  001.250: require('vim.lsp.util')
120.772  003.506  000.499: require('vim.lsp.handlers')
121.488  000.714  000.714: require('vim.lsp.rpc')
121.821  000.328  000.328: require('vim.lsp.sync')
122.498  000.673  000.673: require('vim.lsp.buf')
122.757  000.256  000.256: require('vim.lsp.diagnostic')
123.050  000.289  000.289: require('vim.lsp.codelens')
123.099  007.073  001.306: require('vim.lsp')
123.188  007.503  000.430: require('lspconfig.util')
123.503  000.126  000.126: require('mason-core.functional.table')
123.571  000.380  000.254: require('mason-lspconfig.mappings.server')
123.923  000.139  000.139: require('mason-core.EventEmitter')
124.045  000.119  000.119: require('mason-core.optional')
124.433  000.224  000.224: require('mason-core.async')
124.515  000.078  000.078: require('mason-core.async.uv')
124.521  000.474  000.171: require('mason-core.fs')
124.547  000.973  000.242: require('mason-registry')
124.616  000.066  000.066: require('mason-lspconfig.server_config_extensions')
125.048  000.135  000.135: require('lspconfig.async')
125.054  000.435  000.301: require('lspconfig.configs')
125.203  000.148  000.148: require('lspconfig.server_configurations.omnisharp')
125.387  000.102  000.102: require('mason-lspconfig.ensure_installed')
125.771  000.178  000.178: require('mason-core.result')
126.298  000.262  000.262: require('mason-core.process')
126.628  000.327  000.327: require('mason-core.spawn')
126.633  000.699  000.111: require('mason-core.managers.powershell')
126.716  000.082  000.082: require('mason.version')
126.720  000.946  000.166: require('mason-core.fetch')
126.841  000.119  000.119: require('mason-core.providers')
127.515  000.294  000.294: require('mason-core.purl')
127.531  000.596  000.301: require('mason-core.package')
128.198  000.158  000.158: require('mason-core.installer.registry.expr')
128.209  000.439  000.281: require('mason-core.installer.registry.link')
129.314  000.156  000.156: require('mason-core.receipt')
129.337  000.500  000.343: require('mason-core.installer.context')
129.497  000.157  000.157: require('mason-core.async.control')
129.687  000.188  000.188: require('mason-core.installer.linker')
129.693  001.114  000.268: require('mason-core.installer')
129.712  001.372  000.259: require('mason-core.installer.managers.std')
129.714  001.503  000.131: require('mason-core.installer.registry.schemas')
129.844  000.129  000.129: require('mason-core.installer.registry.util')
129.881  002.349  000.278: require('mason-core.installer.registry')
129.885  003.042  000.097: require('mason-registry.sources.util')
129.894  004.497  000.212: require('mason-registry.sources.github')
135.753  000.092  000.092: require('mason-core.functional.number')
135.778  000.327  000.234: require('mason-lspconfig.api.command')
136.060  000.134  000.134: require('cmp_nvim_lsp.source')
136.064  000.283  000.149: require('cmp_nvim_lsp')
136.193  000.125  000.125: require('lspconfig')
136.317  000.120  000.120: require('lspconfig.server_configurations.lua_ls')
137.341  000.278  000.278: require('lspconfig.manager')
137.492  000.145  000.145: require('lspconfig.server_configurations.clangd')
138.396  000.247  000.247: require('lspconfig.server_configurations.jdtls')
138.921  000.119  000.119: require('lspconfig.server_configurations.tsserver')
139.660  000.304  000.304: require('lspconfig.server_configurations.rust_analyzer')
140.499  000.153  000.153: require('lspconfig.server_configurations.pyright')
140.991  000.128  000.128: require('lspconfig.server_configurations.r_language_server')
141.154  000.072  000.072: require('mason-lspconfig.server_configurations.r_language_server')
141.306  000.102  000.102: require('lspconfig.server_configurations.asm_lsp')
141.635  029.084  009.603: require('core.plugin_config.lsp_config')
143.102  000.047  000.047: require('luasnip.util.types')
143.148  000.043  000.043: require('luasnip.util.lazy_table')
143.241  000.090  000.090: require('luasnip.extras.filetype_functions')
143.265  000.419  000.239: require('luasnip.default_config')
143.268  000.485  000.066: require('luasnip.session')
143.280  000.898  000.413: require('luasnip.util.util')
143.845  000.118  000.118: require('luasnip.util.ext_opts')
143.891  000.043  000.043: require('luasnip.nodes.key_indexer')
143.900  000.618  000.457: require('luasnip.nodes.util')
144.205  000.055  000.055: require('luasnip.session.snippet_collection.source')
144.255  000.047  000.047: require('luasnip.util.table')
144.324  000.067  000.067: require('luasnip.util.auto_table')
144.336  000.434  000.264: require('luasnip.session.snippet_collection')
144.817  000.149  000.149: require('luasnip.util.select')
144.863  000.043  000.043: require('luasnip.util.time')
145.131  000.653  000.461: require('luasnip.util._builtin_vars')
145.300  000.963  000.309: require('luasnip.util.environ')
145.390  000.087  000.087: require('luasnip.util.extend_decorator')
145.802  000.243  000.243: require('luasnip.util.path')
146.207  000.150  000.150: require('luasnip.util.log')
146.219  000.413  000.264: require('luasnip.loaders.util')
146.272  000.051  000.051: require('luasnip.loaders.data')
146.715  000.440  000.440: require('luasnip.loaders.fs_watchers')
146.723  001.330  000.183: require('luasnip.loaders')
146.894  000.140  000.140: require('luasnip.config')
146.898  005.161  000.691: require('luasnip')
147.968  000.095  000.095: require('cmp.utils.debug')
148.384  000.216  000.216: require('cmp.utils.char')
148.393  000.422  000.206: require('cmp.utils.str')
149.083  000.235  000.235: require('cmp.utils.misc')
149.184  000.098  000.098: require('cmp.utils.buffer')
149.338  000.151  000.151: require('cmp.utils.api')
149.345  000.799  000.314: require('cmp.utils.keymap')
149.349  000.954  000.155: require('cmp.utils.feedkeys')
150.356  000.111  000.111: require('cmp.types.cmp')
150.597  000.237  000.237: require('cmp.types.lsp')
150.677  000.077  000.077: require('cmp.types.vim')
150.679  000.517  000.092: require('cmp.types')
150.685  000.764  000.247: require('cmp.config.mapping')
150.794  000.107  000.107: require('cmp.utils.cache')
151.242  000.279  000.279: require('cmp.config.compare')
151.245  000.446  000.167: require('cmp.config.default')
151.267  001.612  000.295: require('cmp.config')
151.285  001.934  000.323: require('cmp.utils.async')
151.543  000.099  000.099: require('cmp.utils.pattern')
151.549  000.262  000.163: require('cmp.context')
152.747  000.257  000.257: require('cmp.matcher')
152.756  000.821  000.565: require('cmp.entry')
152.762  001.212  000.390: require('cmp.source')
153.177  000.105  000.105: require('cmp.utils.event')
153.843  000.095  000.095: require('cmp.utils.options')
153.850  000.475  000.380: require('cmp.utils.window')
153.853  000.673  000.198: require('cmp.view.docs_view')
154.490  000.125  000.125: require('cmp.utils.autocmd')
154.501  000.647  000.522: require('cmp.view.custom_entries_view')
154.831  000.328  000.328: require('cmp.view.wildmenu_entries_view')
155.060  000.226  000.226: require('cmp.view.native_entries_view')
155.260  000.198  000.198: require('cmp.view.ghost_text_view')
155.274  002.510  000.334: require('cmp.view')
155.641  008.292  000.903: require('cmp.core')
155.897  000.098  000.098: require('cmp.config.sources')
155.994  000.093  000.093: require('cmp.config.window')
156.062  009.162  000.679: require('cmp')
157.074  015.435  001.112: require('core.plugin_config.completions')
157.078  135.536  000.082: require('core.plugin_config')
157.081  139.067  000.030: sourcing /home/nightwng120/.config/nvim/init.lua
157.090  001.366: sourcing vimrc file(s)
157.687  000.026  000.026: sourcing /home/nightwng120/.local/share/nvim/site/pack/packer/start/vimtex/ftdetect/cls.vim
157.727  000.019  000.019: sourcing /home/nightwng120/.local/share/nvim/site/pack/packer/start/vimtex/ftdetect/tex.vim
157.762  000.016  000.016: sourcing /home/nightwng120/.local/share/nvim/site/pack/packer/start/vimtex/ftdetect/tikz.vim
158.034  000.716  000.654: sourcing /usr/share/nvim/runtime/filetype.lua
158.073  000.014  000.014: sourcing /usr/share/nvim/runtime/filetype.vim
158.358  000.081  000.081: sourcing /usr/share/nvim/runtime/syntax/synload.vim
158.484  000.345  000.264: sourcing /usr/share/nvim/runtime/syntax/syntax.vim
159.602  000.152  000.152: sourcing /usr/share/nvim/runtime/plugin/gzip.vim
159.633  000.010  000.010: sourcing /usr/share/nvim/runtime/plugin/health.vim
160.125  000.157  000.157: sourcing /usr/share/nvim/runtime/pack/dist/opt/matchit/plugin/matchit.vim
160.231  000.581  000.423: sourcing /usr/share/nvim/runtime/plugin/matchit.vim
160.380  000.130  000.130: sourcing /usr/share/nvim/runtime/plugin/matchparen.vim
160.417  000.016  000.016: sourcing /usr/share/nvim/runtime/plugin/netrwPlugin.vim
160.570  000.009  000.009: sourcing /home/nightwng120/.local/share/nvim/rplugin.vim
160.578  000.143  000.133: sourcing /usr/share/nvim/runtime/plugin/rplugin.vim
160.664  000.070  000.070: sourcing /usr/share/nvim/runtime/plugin/shada.vim
160.715  000.021  000.021: sourcing /usr/share/nvim/runtime/plugin/spellfile.vim
160.837  000.099  000.099: sourcing /usr/share/nvim/runtime/plugin/tarPlugin.vim
160.938  000.075  000.075: sourcing /usr/share/nvim/runtime/plugin/tohtml.vim
160.978  000.016  000.016: sourcing /usr/share/nvim/runtime/plugin/tutor.vim
161.157  000.139  000.139: sourcing /usr/share/nvim/runtime/plugin/zipPlugin.vim
161.799  000.545  000.545: sourcing /home/nightwng120/.config/nvim/plugin/packer_compiled.lua
162.110  000.087  000.087: sourcing /usr/share/nvim/runtime/plugin/man.lua
162.128  001.881: loading rtp plugins
162.550  000.028  000.028: sourcing /home/nightwng120/.local/share/nvim/site/pack/packer/start/LuaSnip/plugin/luasnip.vim
166.421  003.586  003.586: require('vim.filetype')
166.767  004.128  000.542: sourcing /home/nightwng120/.local/share/nvim/site/pack/packer/start/LuaSnip/plugin/luasnip.lua
168.421  001.418  001.418: sourcing /home/nightwng120/.local/share/nvim/site/pack/packer/start/emmet-vim/plugin/emmet.vim
170.383  001.661  001.661: sourcing /home/nightwng120/.local/share/nvim/site/pack/packer/start/neoclip/plugin/neoclip.vim
170.761  000.112  000.112: require('cmp.utils.highlight')
171.128  000.575  000.463: sourcing /home/nightwng120/.local/share/nvim/site/pack/packer/start/nvim-cmp/plugin/cmp.lua
171.255  000.034  000.034: sourcing /home/nightwng120/.local/share/nvim/site/pack/packer/start/nvim-jdtls/plugin/nvim_jdtls.vim
171.613  000.189  000.189: sourcing /home/nightwng120/.local/share/nvim/site/pack/packer/start/nvim-lspconfig/plugin/lspconfig.lua
172.063  000.135  000.135: require('nvim-treesitter.statusline')
172.295  000.229  000.229: require('nvim-treesitter.query_predicates')
172.298  000.489  000.126: require('nvim-treesitter')
172.568  000.800  000.311: sourcing /home/nightwng120/.local/share/nvim/site/pack/packer/start/nvim-treesitter/plugin/nvim-treesitter.lua
172.714  000.044  000.044: sourcing /home/nightwng120/.local/share/nvim/site/pack/packer/start/nvim-web-devicons/plugin/nvim-web-devicons.vim
172.897  000.031  000.031: sourcing /home/nightwng120/.local/share/nvim/site/pack/packer/start/plenary.nvim/plugin/plenary.vim
173.436  000.384  000.384: sourcing /home/nightwng120/.local/share/nvim/site/pack/packer/start/telescope.nvim/plugin/telescope.lua
173.664  000.112  000.112: sourcing /home/nightwng120/.local/share/nvim/site/pack/packer/start/vim-obsession/plugin/obsession.vim
173.859  000.064  000.064: sourcing /home/nightwng120/.local/share/nvim/site/pack/packer/start/vim-tmux-navigator/plugin/tmux_navigator.vim
174.016  000.034  000.034: sourcing /home/nightwng120/.local/share/nvim/site/pack/packer/start/vimtex/plugin/vimtex.vim
174.209  002.580: loading packages
174.921  000.063  000.063: require('cmp_buffer.timer')
174.927  000.294  000.230: require('cmp_buffer.buffer')
174.930  000.426  000.132: require('cmp_buffer.source')
174.933  000.470  000.044: require('cmp_buffer')
174.957  000.515  000.046: sourcing /home/nightwng120/.local/share/nvim/site/pack/packer/start/cmp-buffer/after/plugin/cmp_buffer.lua
175.070  000.032  000.032: sourcing /home/nightwng120/.local/share/nvim/site/pack/packer/start/cmp-nvim-lsp/after/plugin/cmp_nvim_lsp.lua
175.392  000.227  000.227: require('cmp_path')
175.412  000.264  000.037: sourcing /home/nightwng120/.local/share/nvim/site/pack/packer/start/cmp-path/after/plugin/cmp_path.lua
175.707  000.183  000.183: require('cmp_luasnip')
175.740  000.247  000.064: sourcing /home/nightwng120/.local/share/nvim/site/pack/packer/start/cmp_luasnip/after/plugin/cmp_luasnip.lua
175.759  000.491: loading after plugins
175.771  000.012: inits 3
179.776  004.005: reading ShaDa
180.521  000.171  000.171: require('luasnip.util.directed_graph')
180.579  000.054  000.054: require('luasnip.session.enqueueable_operations')
180.586  000.547  000.322: require('luasnip.loaders.from_lua')
182.210  000.070  000.070: require('luasnip.util.events')
182.231  000.436  000.366: require('luasnip.nodes.node')
182.565  000.329  000.329: require('luasnip.nodes.insertNode')
182.686  000.115  000.115: require('luasnip.nodes.textNode')
182.868  000.178  000.178: require('luasnip.util.mark')
183.018  000.144  000.144: require('luasnip.util.pattern_tokenizer')
183.134  000.111  000.111: require('luasnip.util.dict')
184.254  000.984  000.984: require('luasnip.util.jsregexp')
184.264  001.125  000.141: require('luasnip.nodes.util.trig_engines')
184.424  003.424  000.986: require('luasnip.nodes.snippet')
184.432  003.495  000.071: require('luasnip.nodes.duplicate')
184.437  003.567  000.072: require('luasnip.loaders.snippet_cache')
184.454  003.863  000.296: require('luasnip.loaders.from_snipmate')
185.543  000.556  000.556: require('luasnip.util.jsonc')
185.561  001.100  000.544: require('luasnip.loaders.from_vscode')
185.587  000.301: opening buffers
185.792  000.205: BufEnter autocommands
185.797  000.004: editing files in windows
186.029  000.200  000.200: require('mason-core.terminator')
208.335  000.129  000.129: require('mason-core.functional.type')
